TN:
SF:src\async.js
FN:1,sayHello
FN:2,executor
FN:3,(anonymous_2)
FNF:3
FNH:3
FNDA:3,sayHello
FNDA:3,executor
FNDA:3,(anonymous_2)
DA:2,3
DA:3,3
DA:4,3
DA:5,2
DA:7,1
LF:5
LH:5
BRDA:4,0,0,2
BRDA:4,0,1,1
BRF:2
BRH:2
end_of_record
TN:
SF:src\exception.js
FN:3,sayName
FNF:1
FNH:0
FNDA:0,sayName
DA:4,0
DA:5,0
DA:8,0
LF:3
LH:0
BRDA:4,0,0,0
BRDA:4,0,1,0
BRF:2
BRH:0
end_of_record
TN:
SF:src\sum.js
FN:1,sum
FN:5,sumAll
FNF:2
FNH:0
FNDA:0,sum
FNDA:0,sumAll
DA:2,0
DA:6,0
DA:8,0
DA:9,0
DA:12,0
LF:5
LH:0
BRF:0
BRH:0
end_of_record
