TN:
SF:src\async.js
FN:1,sayHello
FN:2,executor
FN:3,(anonymous_2)
FN:13,(anonymous_3)
FNF:4
FNH:1
FNDA:0,sayHello
FNDA:0,executor
FNDA:0,(anonymous_2)
FNDA:2,(anonymous_3)
DA:2,0
DA:3,0
DA:4,0
DA:5,0
DA:7,0
DA:13,1
DA:14,2
DA:15,1
LF:8
LH:3
BRDA:4,0,0,0
BRDA:4,0,1,0
BRF:2
BRH:0
end_of_record
TN:
SF:src\exception.js
FN:3,sayName
FNF:1
FNH:0
FNDA:0,sayName
DA:4,0
DA:5,0
DA:8,0
LF:3
LH:0
BRDA:4,0,0,0
BRDA:4,0,1,0
BRF:2
BRH:0
end_of_record
TN:
SF:src\sum.js
FN:1,sum
FN:5,sumAll
FN:15,calculate
FN:25,calculateAndReturn
FNF:4
FNH:0
FNDA:0,sum
FNDA:0,sumAll
FNDA:0,calculate
FNDA:0,calculateAndReturn
DA:2,0
DA:6,0
DA:8,0
DA:9,0
DA:12,0
DA:16,0
DA:18,0
DA:19,0
DA:22,0
DA:26,0
DA:28,0
DA:29,0
DA:32,0
LF:13
LH:0
BRF:0
BRH:0
end_of_record
